2022-04-12 10:41:23.034 INFO  edu.dhu.poetryanalysis.config.PoetryAnalysisApplication  :55   [32m                  [0;39m Starting PoetryAnalysisApplication using Java 18 on Sayu with PID 22916 (C:\Users\雪桜Sayu\IdeaProjects\poetryAnalysis\target\classes started by 雪桜Sayu in C:\Users\雪桜Sayu\IdeaProjects\poetryAnalysis)
2022-04-12 10:41:23.035 INFO  edu.dhu.poetryanalysis.config.PoetryAnalysisApplication  :640  [32m                  [0;39m No active profile set, falling back to 1 default profile: "default"
2022-04-12 10:41:23.058 INFO  o.s.b.d.env.DevToolsPropertyDefaultsPostProcessor :255  [32m                  [0;39m Devtools property defaults active! Set 'spring.devtools.add-properties' to 'false' to disable
2022-04-12 10:41:23.058 INFO  o.s.b.d.env.DevToolsPropertyDefaultsPostProcessor :255  [32m                  [0;39m For additional web related logging consider setting the 'logging.level.web' property to 'DEBUG'
2022-04-12 10:41:23.326 WARN  org.mybatis.spring.mapper.ClassPathMapperScanner  :44   [32m                  [0;39m No MyBatis mapper was found in '[edu.dhu.poetryanalysis]' package. Please check your configuration.
2022-04-12 10:41:23.506 INFO  o.s.boot.web.embedded.tomcat.TomcatWebServer      :108  [32m                  [0;39m Tomcat initialized with port(s): 8080 (http)
2022-04-12 10:41:23.510 INFO  org.apache.coyote.http11.Http11NioProtocol        :173  [32m                  [0;39m Initializing ProtocolHandler ["http-nio-8080"]
2022-04-12 10:41:23.510 INFO  org.apache.catalina.core.StandardService          :173  [32m                  [0;39m Starting service [Tomcat]
2022-04-12 10:41:23.510 INFO  org.apache.catalina.core.StandardEngine           :173  [32m                  [0;39m Starting Servlet engine: [Apache Tomcat/9.0.60]
2022-04-12 10:41:23.537 INFO  o.a.c.core.ContainerBase.[Tomcat].[localhost].[/] :173  [32m                  [0;39m Initializing Spring embedded WebApplicationContext
2022-04-12 10:41:23.537 INFO  o.s.b.w.s.c.ServletWebServerApplicationContext    :290  [32m                  [0;39m Root WebApplicationContext: initialization completed in 479 ms
2022-04-12 10:41:23.668 WARN  o.s.b.w.s.c.AnnotationConfigServletWebServerApplicationContext:591  [32m                  [0;39m Exception encountered during context initialization - cancelling refresh attempt: org.springframework.beans.factory.BeanCreationException: Error creating bean with name 'dataSource' defined in class path resource [org/springframework/boot/autoconfigure/jdbc/DataSourceConfiguration$Hikari.class]: Bean instantiation via factory method failed; nested exception is org.springframework.beans.BeanInstantiationException: Failed to instantiate [com.zaxxer.hikari.HikariDataSource]: Factory method 'dataSource' threw exception; nested exception is org.springframework.boot.autoconfigure.jdbc.DataSourceProperties$DataSourceBeanCreationException: Failed to determine a suitable driver class
2022-04-12 10:41:23.669 INFO  org.apache.catalina.core.StandardService          :173  [32m                  [0;39m Stopping service [Tomcat]
2022-04-12 10:41:23.676 INFO  o.s.b.a.l.ConditionEvaluationReportLoggingListener:136  [32m                  [0;39m 

Error starting ApplicationContext. To display the conditions report re-run your application with 'debug' enabled.
2022-04-12 10:41:23.683 ERROR o.s.b.diagnostics.LoggingFailureAnalysisReporter  :40   [32m                  [0;39m 

***************************
APPLICATION FAILED TO START
***************************

Description:

Failed to configure a DataSource: 'url' attribute is not specified and no embedded datasource could be configured.

Reason: Failed to determine a suitable driver class


Action:

Consider the following:
	If you want an embedded database (H2, HSQL or Derby), please put it on the classpath.
	If you have database settings to be loaded from a particular profile you may need to activate it (no profiles are currently active).

2022-04-12 11:04:49.289 INFO  edu.dhu.poetryanalysis.config.PoetryAnalysisApplication  :55   [32m                  [0;39m Starting PoetryAnalysisApplication using Java 18 on Sayu with PID 11568 (C:\Users\雪桜Sayu\IdeaProjects\poetryAnalysis\target\classes started by 雪桜Sayu in C:\Users\雪桜Sayu\IdeaProjects\poetryAnalysis)
2022-04-12 11:04:49.290 INFO  edu.dhu.poetryanalysis.config.PoetryAnalysisApplication  :640  [32m                  [0;39m No active profile set, falling back to 1 default profile: "default"
2022-04-12 11:04:49.312 INFO  o.s.b.d.env.DevToolsPropertyDefaultsPostProcessor :255  [32m                  [0;39m Devtools property defaults active! Set 'spring.devtools.add-properties' to 'false' to disable
2022-04-12 11:04:49.312 INFO  o.s.b.d.env.DevToolsPropertyDefaultsPostProcessor :255  [32m                  [0;39m For additional web related logging consider setting the 'logging.level.web' property to 'DEBUG'
2022-04-12 11:04:49.568 WARN  org.mybatis.spring.mapper.ClassPathMapperScanner  :44   [32m                  [0;39m No MyBatis mapper was found in '[edu.dhu.poetryanalysis]' package. Please check your configuration.
2022-04-12 11:04:49.772 INFO  o.s.boot.web.embedded.tomcat.TomcatWebServer      :108  [32m                  [0;39m Tomcat initialized with port(s): 8080 (http)
2022-04-12 11:04:49.777 INFO  org.apache.coyote.http11.Http11NioProtocol        :173  [32m                  [0;39m Initializing ProtocolHandler ["http-nio-8080"]
2022-04-12 11:04:49.777 INFO  org.apache.catalina.core.StandardService          :173  [32m                  [0;39m Starting service [Tomcat]
2022-04-12 11:04:49.777 INFO  org.apache.catalina.core.StandardEngine           :173  [32m                  [0;39m Starting Servlet engine: [Apache Tomcat/9.0.60]
2022-04-12 11:04:49.805 INFO  o.a.c.core.ContainerBase.[Tomcat].[localhost].[/] :173  [32m                  [0;39m Initializing Spring embedded WebApplicationContext
2022-04-12 11:04:49.805 INFO  o.s.b.w.s.c.ServletWebServerApplicationContext    :290  [32m                  [0;39m Root WebApplicationContext: initialization completed in 493 ms
2022-04-12 11:04:49.934 WARN  o.s.b.w.s.c.AnnotationConfigServletWebServerApplicationContext:591  [32m                  [0;39m Exception encountered during context initialization - cancelling refresh attempt: org.springframework.beans.factory.BeanCreationException: Error creating bean with name 'dataSource' defined in class path resource [org/springframework/boot/autoconfigure/jdbc/DataSourceConfiguration$Hikari.class]: Bean instantiation via factory method failed; nested exception is org.springframework.beans.BeanInstantiationException: Failed to instantiate [com.zaxxer.hikari.HikariDataSource]: Factory method 'dataSource' threw exception; nested exception is org.springframework.boot.autoconfigure.jdbc.DataSourceProperties$DataSourceBeanCreationException: Failed to determine a suitable driver class
2022-04-12 11:04:49.935 INFO  org.apache.catalina.core.StandardService          :173  [32m                  [0;39m Stopping service [Tomcat]
2022-04-12 11:04:49.941 INFO  o.s.b.a.l.ConditionEvaluationReportLoggingListener:136  [32m                  [0;39m 

Error starting ApplicationContext. To display the conditions report re-run your application with 'debug' enabled.
2022-04-12 11:04:49.948 ERROR o.s.b.diagnostics.LoggingFailureAnalysisReporter  :40   [32m                  [0;39m 

***************************
APPLICATION FAILED TO START
***************************

Description:

Failed to configure a DataSource: 'url' attribute is not specified and no embedded datasource could be configured.

Reason: Failed to determine a suitable driver class


Action:

Consider the following:
	If you want an embedded database (H2, HSQL or Derby), please put it on the classpath.
	If you have database settings to be loaded from a particular profile you may need to activate it (no profiles are currently active).

2022-04-12 11:07:00.023 INFO  edu.dhu.poetryanalysis.config.PoetryAnalysisApplication  :55   [32m                  [0;39m Starting PoetryAnalysisApplication using Java 18 on Sayu with PID 20076 (C:\Users\雪桜Sayu\IdeaProjects\poetryAnalysis\target\classes started by 雪桜Sayu in C:\Users\雪桜Sayu\IdeaProjects\poetryAnalysis)
2022-04-12 11:07:00.024 INFO  edu.dhu.poetryanalysis.config.PoetryAnalysisApplication  :640  [32m                  [0;39m No active profile set, falling back to 1 default profile: "default"
2022-04-12 11:07:00.045 INFO  o.s.b.d.env.DevToolsPropertyDefaultsPostProcessor :255  [32m                  [0;39m Devtools property defaults active! Set 'spring.devtools.add-properties' to 'false' to disable
2022-04-12 11:07:00.045 INFO  o.s.b.d.env.DevToolsPropertyDefaultsPostProcessor :255  [32m                  [0;39m For additional web related logging consider setting the 'logging.level.web' property to 'DEBUG'
2022-04-12 11:07:00.297 WARN  org.mybatis.spring.mapper.ClassPathMapperScanner  :44   [32m                  [0;39m No MyBatis mapper was found in '[edu.dhu.poetryanalysis]' package. Please check your configuration.
2022-04-12 11:07:00.467 INFO  o.s.boot.web.embedded.tomcat.TomcatWebServer      :108  [32m                  [0;39m Tomcat initialized with port(s): 8080 (http)
2022-04-12 11:07:00.471 INFO  org.apache.coyote.http11.Http11NioProtocol        :173  [32m                  [0;39m Initializing ProtocolHandler ["http-nio-8080"]
2022-04-12 11:07:00.471 INFO  org.apache.catalina.core.StandardService          :173  [32m                  [0;39m Starting service [Tomcat]
2022-04-12 11:07:00.471 INFO  org.apache.catalina.core.StandardEngine           :173  [32m                  [0;39m Starting Servlet engine: [Apache Tomcat/9.0.60]
2022-04-12 11:07:00.497 INFO  o.a.c.core.ContainerBase.[Tomcat].[localhost].[/] :173  [32m                  [0;39m Initializing Spring embedded WebApplicationContext
2022-04-12 11:07:00.497 INFO  o.s.b.w.s.c.ServletWebServerApplicationContext    :290  [32m                  [0;39m Root WebApplicationContext: initialization completed in 451 ms
2022-04-12 11:07:00.805 INFO  o.s.b.d.autoconfigure.OptionalLiveReloadServer    :58   [32m                  [0;39m LiveReload server is running on port 35729
2022-04-12 11:07:00.836 INFO  org.apache.coyote.http11.Http11NioProtocol        :173  [32m                  [0;39m Starting ProtocolHandler ["http-nio-8080"]
2022-04-12 11:07:00.848 INFO  o.s.boot.web.embedded.tomcat.TomcatWebServer      :220  [32m                  [0;39m Tomcat started on port(s): 8080 (http) with context path ''
2022-04-12 11:07:00.855 INFO  edu.dhu.poetryanalysis.config.PoetryAnalysisApplication  :61   [32m                  [0;39m Started PoetryAnalysisApplication in 1.029 seconds (JVM running for 1.321)
2022-04-12 11:07:00.857 INFO  edu.dhu.poetryanalysis.config.PoetryAnalysisApplication  :16   [32m                  [0;39m 启动成功！！
2022-04-12 11:07:00.857 INFO  edu.dhu.poetryanalysis.config.PoetryAnalysisApplication  :17   [32m                  [0;39m 地址: 	http://127.0.0.1:8080
2022-04-12 11:07:04.142 INFO  o.a.c.core.ContainerBase.[Tomcat].[localhost].[/] :173  [32m                  [0;39m Initializing Spring DispatcherServlet 'dispatcherServlet'
2022-04-12 11:07:04.143 INFO  org.springframework.web.servlet.DispatcherServlet :525  [32m                  [0;39m Initializing Servlet 'dispatcherServlet'
2022-04-12 11:07:04.143 INFO  org.springframework.web.servlet.DispatcherServlet :547  [32m                  [0;39m Completed initialization in 0 ms
2022-04-12 11:17:34.579 INFO  e.d.p.config.PoetryAnalysisApplication            :55   [32m                  [0;39m Starting PoetryAnalysisApplication using Java 18 on Sayu with PID 31460 (C:\Users\雪桜Sayu\IdeaProjects\poetryAnalysis\target\classes started by 雪桜Sayu in C:\Users\雪桜Sayu\IdeaProjects\poetryAnalysis)
2022-04-12 11:17:34.580 INFO  e.d.p.config.PoetryAnalysisApplication            :640  [32m                  [0;39m No active profile set, falling back to 1 default profile: "default"
2022-04-12 11:17:34.601 INFO  o.s.b.d.env.DevToolsPropertyDefaultsPostProcessor :255  [32m                  [0;39m Devtools property defaults active! Set 'spring.devtools.add-properties' to 'false' to disable
2022-04-12 11:17:34.601 INFO  o.s.b.d.env.DevToolsPropertyDefaultsPostProcessor :255  [32m                  [0;39m For additional web related logging consider setting the 'logging.level.web' property to 'DEBUG'
2022-04-12 11:17:34.857 WARN  org.mybatis.spring.mapper.ClassPathMapperScanner  :44   [32m                  [0;39m No MyBatis mapper was found in '[edu.dhu.poetryanalysis.config]' package. Please check your configuration.
2022-04-12 11:17:35.028 INFO  o.s.boot.web.embedded.tomcat.TomcatWebServer      :108  [32m                  [0;39m Tomcat initialized with port(s): 8080 (http)
2022-04-12 11:17:35.033 INFO  org.apache.coyote.http11.Http11NioProtocol        :173  [32m                  [0;39m Initializing ProtocolHandler ["http-nio-8080"]
2022-04-12 11:17:35.033 INFO  org.apache.catalina.core.StandardService          :173  [32m                  [0;39m Starting service [Tomcat]
2022-04-12 11:17:35.033 INFO  org.apache.catalina.core.StandardEngine           :173  [32m                  [0;39m Starting Servlet engine: [Apache Tomcat/9.0.60]
2022-04-12 11:17:35.063 INFO  o.a.c.core.ContainerBase.[Tomcat].[localhost].[/] :173  [32m                  [0;39m Initializing Spring embedded WebApplicationContext
2022-04-12 11:17:35.063 INFO  o.s.b.w.s.c.ServletWebServerApplicationContext    :290  [32m                  [0;39m Root WebApplicationContext: initialization completed in 462 ms
2022-04-12 11:17:35.369 INFO  o.s.b.d.autoconfigure.OptionalLiveReloadServer    :58   [32m                  [0;39m LiveReload server is running on port 35729
2022-04-12 11:17:35.396 INFO  org.apache.coyote.http11.Http11NioProtocol        :173  [32m                  [0;39m Starting ProtocolHandler ["http-nio-8080"]
2022-04-12 11:17:35.406 INFO  o.s.boot.web.embedded.tomcat.TomcatWebServer      :220  [32m                  [0;39m Tomcat started on port(s): 8080 (http) with context path ''
2022-04-12 11:17:35.411 INFO  e.d.p.config.PoetryAnalysisApplication            :61   [32m                  [0;39m Started PoetryAnalysisApplication in 1.02 seconds (JVM running for 1.317)
2022-04-12 11:17:35.413 INFO  e.d.p.config.PoetryAnalysisApplication            :18   [32m                  [0;39m 启动成功！！
2022-04-12 11:17:35.414 INFO  e.d.p.config.PoetryAnalysisApplication            :19   [32m                  [0;39m 地址: 	http://127.0.0.1:8080
2022-04-12 11:17:41.773 INFO  o.a.c.core.ContainerBase.[Tomcat].[localhost].[/] :173  [32m                  [0;39m Initializing Spring DispatcherServlet 'dispatcherServlet'
2022-04-12 11:17:41.773 INFO  org.springframework.web.servlet.DispatcherServlet :525  [32m                  [0;39m Initializing Servlet 'dispatcherServlet'
2022-04-12 11:17:41.773 INFO  org.springframework.web.servlet.DispatcherServlet :547  [32m                  [0;39m Completed initialization in 0 ms
2022-04-12 11:31:36.557 INFO  e.d.p.config.PoetryAnalysisApplication            :55   [32m                  [0;39m Starting PoetryAnalysisApplication using Java 18 on Sayu with PID 28092 (C:\Users\雪桜Sayu\IdeaProjects\poetryAnalysis\target\classes started by 雪桜Sayu in C:\Users\雪桜Sayu\IdeaProjects\poetryAnalysis)
2022-04-12 11:31:36.558 INFO  e.d.p.config.PoetryAnalysisApplication            :640  [32m                  [0;39m No active profile set, falling back to 1 default profile: "default"
2022-04-12 11:31:36.581 INFO  o.s.b.d.env.DevToolsPropertyDefaultsPostProcessor :255  [32m                  [0;39m Devtools property defaults active! Set 'spring.devtools.add-properties' to 'false' to disable
2022-04-12 11:31:36.581 INFO  o.s.b.d.env.DevToolsPropertyDefaultsPostProcessor :255  [32m                  [0;39m For additional web related logging consider setting the 'logging.level.web' property to 'DEBUG'
2022-04-12 11:31:36.836 WARN  org.mybatis.spring.mapper.ClassPathMapperScanner  :44   [32m                  [0;39m No MyBatis mapper was found in '[edu.dhu.poetryanalysis.config]' package. Please check your configuration.
2022-04-12 11:31:36.999 INFO  o.s.boot.web.embedded.tomcat.TomcatWebServer      :108  [32m                  [0;39m Tomcat initialized with port(s): 8080 (http)
2022-04-12 11:31:37.003 INFO  org.apache.coyote.http11.Http11NioProtocol        :173  [32m                  [0;39m Initializing ProtocolHandler ["http-nio-8080"]
2022-04-12 11:31:37.004 INFO  org.apache.catalina.core.StandardService          :173  [32m                  [0;39m Starting service [Tomcat]
2022-04-12 11:31:37.004 INFO  org.apache.catalina.core.StandardEngine           :173  [32m                  [0;39m Starting Servlet engine: [Apache Tomcat/9.0.60]
2022-04-12 11:31:37.029 INFO  o.a.c.core.ContainerBase.[Tomcat].[localhost].[/] :173  [32m                  [0;39m Initializing Spring embedded WebApplicationContext
2022-04-12 11:31:37.029 INFO  o.s.b.w.s.c.ServletWebServerApplicationContext    :290  [32m                  [0;39m Root WebApplicationContext: initialization completed in 448 ms
2022-04-12 11:31:37.331 INFO  o.s.b.d.autoconfigure.OptionalLiveReloadServer    :58   [32m                  [0;39m LiveReload server is running on port 35729
2022-04-12 11:31:37.358 INFO  org.apache.coyote.http11.Http11NioProtocol        :173  [32m                  [0;39m Starting ProtocolHandler ["http-nio-8080"]
2022-04-12 11:31:37.368 INFO  o.s.boot.web.embedded.tomcat.TomcatWebServer      :220  [32m                  [0;39m Tomcat started on port(s): 8080 (http) with context path ''
2022-04-12 11:31:37.374 INFO  e.d.p.config.PoetryAnalysisApplication            :61   [32m                  [0;39m Started PoetryAnalysisApplication in 1.008 seconds (JVM running for 1.296)
2022-04-12 11:31:37.376 INFO  e.d.p.config.PoetryAnalysisApplication            :18   [32m                  [0;39m 启动成功！！
2022-04-12 11:31:37.376 INFO  e.d.p.config.PoetryAnalysisApplication            :19   [32m                  [0;39m 地址: 	http://127.0.0.1:8080
2022-04-12 11:31:42.165 INFO  o.a.c.core.ContainerBase.[Tomcat].[localhost].[/] :173  [32m                  [0;39m Initializing Spring DispatcherServlet 'dispatcherServlet'
2022-04-12 11:31:42.165 INFO  org.springframework.web.servlet.DispatcherServlet :525  [32m                  [0;39m Initializing Servlet 'dispatcherServlet'
2022-04-12 11:31:42.165 INFO  org.springframework.web.servlet.DispatcherServlet :547  [32m                  [0;39m Completed initialization in 0 ms
2022-04-12 14:55:45.089 INFO  e.d.p.config.PoetryAnalysisApplication            :55   [32m                  [0;39m Starting PoetryAnalysisApplication using Java 18 on Sayu with PID 35472 (C:\Users\雪桜Sayu\IdeaProjects\poetryAnalysis\target\classes started by 雪桜Sayu in C:\Users\雪桜Sayu\IdeaProjects\poetryAnalysis)
2022-04-12 14:55:45.090 INFO  e.d.p.config.PoetryAnalysisApplication            :640  [32m                  [0;39m No active profile set, falling back to 1 default profile: "default"
2022-04-12 14:55:45.113 INFO  o.s.b.d.env.DevToolsPropertyDefaultsPostProcessor :255  [32m                  [0;39m Devtools property defaults active! Set 'spring.devtools.add-properties' to 'false' to disable
2022-04-12 14:55:45.113 INFO  o.s.b.d.env.DevToolsPropertyDefaultsPostProcessor :255  [32m                  [0;39m For additional web related logging consider setting the 'logging.level.web' property to 'DEBUG'
2022-04-12 14:55:45.562 INFO  o.s.boot.web.embedded.tomcat.TomcatWebServer      :108  [32m                  [0;39m Tomcat initialized with port(s): 8080 (http)
2022-04-12 14:55:45.567 INFO  org.apache.coyote.http11.Http11NioProtocol        :173  [32m                  [0;39m Initializing ProtocolHandler ["http-nio-8080"]
2022-04-12 14:55:45.567 INFO  org.apache.catalina.core.StandardService          :173  [32m                  [0;39m Starting service [Tomcat]
2022-04-12 14:55:45.567 INFO  org.apache.catalina.core.StandardEngine           :173  [32m                  [0;39m Starting Servlet engine: [Apache Tomcat/9.0.60]
2022-04-12 14:55:45.597 INFO  o.a.c.core.ContainerBase.[Tomcat].[localhost].[/] :173  [32m                  [0;39m Initializing Spring embedded WebApplicationContext
2022-04-12 14:55:45.597 INFO  o.s.b.w.s.c.ServletWebServerApplicationContext    :290  [32m                  [0;39m Root WebApplicationContext: initialization completed in 484 ms
2022-04-12 14:55:45.973 INFO  o.s.b.d.autoconfigure.OptionalLiveReloadServer    :58   [32m                  [0;39m LiveReload server is running on port 35729
2022-04-12 14:55:45.999 INFO  org.apache.coyote.http11.Http11NioProtocol        :173  [32m                  [0;39m Starting ProtocolHandler ["http-nio-8080"]
2022-04-12 14:55:46.009 INFO  o.s.boot.web.embedded.tomcat.TomcatWebServer      :220  [32m                  [0;39m Tomcat started on port(s): 8080 (http) with context path ''
2022-04-12 14:55:46.016 INFO  e.d.p.config.PoetryAnalysisApplication            :61   [32m                  [0;39m Started PoetryAnalysisApplication in 1.148 seconds (JVM running for 1.469)
2022-04-12 14:55:46.017 INFO  e.d.p.config.PoetryAnalysisApplication            :20   [32m                  [0;39m 启动成功！！
2022-04-12 14:55:46.017 INFO  e.d.p.config.PoetryAnalysisApplication            :21   [32m                  [0;39m 地址: 	http://127.0.0.1:8080
2022-04-12 14:56:00.232 INFO  o.a.c.core.ContainerBase.[Tomcat].[localhost].[/] :173  [32m                  [0;39m Initializing Spring DispatcherServlet 'dispatcherServlet'
2022-04-12 14:56:00.232 INFO  org.springframework.web.servlet.DispatcherServlet :525  [32m                  [0;39m Initializing Servlet 'dispatcherServlet'
2022-04-12 14:56:00.233 INFO  org.springframework.web.servlet.DispatcherServlet :547  [32m                  [0;39m Completed initialization in 1 ms
2022-04-12 14:56:00.255 INFO  com.zaxxer.hikari.HikariDataSource                :110  [32m                  [0;39m HikariPool-1 - Starting...
2022-04-12 14:56:00.423 INFO  com.zaxxer.hikari.HikariDataSource                :123  [32m                  [0;39m HikariPool-1 - Start completed.
2022-04-12 15:25:34.956 INFO  com.zaxxer.hikari.HikariDataSource                :350  [32m                  [0;39m HikariPool-1 - Shutdown initiated...
2022-04-12 15:25:34.959 INFO  com.zaxxer.hikari.HikariDataSource                :352  [32m                  [0;39m HikariPool-1 - Shutdown completed.
2022-04-12 15:59:18.720 INFO  e.d.p.config.PoetryAnalysisApplication            :55   [32m                  [0;39m Starting PoetryAnalysisApplication using Java 18 on Sayu with PID 24096 (C:\Users\雪桜Sayu\IdeaProjects\poetryAnalysis\target\classes started by 雪桜Sayu in C:\Users\雪桜Sayu\IdeaProjects\poetryAnalysis)
2022-04-12 15:59:18.721 INFO  e.d.p.config.PoetryAnalysisApplication            :640  [32m                  [0;39m No active profile set, falling back to 1 default profile: "default"
2022-04-12 15:59:18.749 INFO  o.s.b.d.env.DevToolsPropertyDefaultsPostProcessor :255  [32m                  [0;39m Devtools property defaults active! Set 'spring.devtools.add-properties' to 'false' to disable
2022-04-12 15:59:18.749 INFO  o.s.b.d.env.DevToolsPropertyDefaultsPostProcessor :255  [32m                  [0;39m For additional web related logging consider setting the 'logging.level.web' property to 'DEBUG'
2022-04-12 15:59:19.209 INFO  o.s.boot.web.embedded.tomcat.TomcatWebServer      :108  [32m                  [0;39m Tomcat initialized with port(s): 8080 (http)
2022-04-12 15:59:19.213 INFO  org.apache.coyote.http11.Http11NioProtocol        :173  [32m                  [0;39m Initializing ProtocolHandler ["http-nio-8080"]
2022-04-12 15:59:19.213 INFO  org.apache.catalina.core.StandardService          :173  [32m                  [0;39m Starting service [Tomcat]
2022-04-12 15:59:19.213 INFO  org.apache.catalina.core.StandardEngine           :173  [32m                  [0;39m Starting Servlet engine: [Apache Tomcat/9.0.60]
2022-04-12 15:59:19.240 INFO  o.a.c.core.ContainerBase.[Tomcat].[localhost].[/] :173  [32m                  [0;39m Initializing Spring embedded WebApplicationContext
2022-04-12 15:59:19.240 INFO  o.s.b.w.s.c.ServletWebServerApplicationContext    :290  [32m                  [0;39m Root WebApplicationContext: initialization completed in 490 ms
2022-04-12 15:59:19.608 INFO  o.s.b.d.autoconfigure.OptionalLiveReloadServer    :58   [32m                  [0;39m LiveReload server is running on port 35729
2022-04-12 15:59:19.637 INFO  org.apache.coyote.http11.Http11NioProtocol        :173  [32m                  [0;39m Starting ProtocolHandler ["http-nio-8080"]
2022-04-12 15:59:19.646 INFO  o.s.boot.web.embedded.tomcat.TomcatWebServer      :220  [32m                  [0;39m Tomcat started on port(s): 8080 (http) with context path ''
2022-04-12 15:59:19.652 INFO  e.d.p.config.PoetryAnalysisApplication            :61   [32m                  [0;39m Started PoetryAnalysisApplication in 1.16 seconds (JVM running for 1.467)
2022-04-12 15:59:19.654 INFO  e.d.p.config.PoetryAnalysisApplication            :20   [32m                  [0;39m 启动成功！！
2022-04-12 15:59:19.655 INFO  e.d.p.config.PoetryAnalysisApplication            :21   [32m                  [0;39m 地址: 	http://127.0.0.1:8080
2022-04-12 15:59:31.272 INFO  o.a.c.core.ContainerBase.[Tomcat].[localhost].[/] :173  [32m                  [0;39m Initializing Spring DispatcherServlet 'dispatcherServlet'
2022-04-12 15:59:31.273 INFO  org.springframework.web.servlet.DispatcherServlet :525  [32m                  [0;39m Initializing Servlet 'dispatcherServlet'
2022-04-12 15:59:31.273 INFO  org.springframework.web.servlet.DispatcherServlet :547  [32m                  [0;39m Completed initialization in 0 ms
2022-04-12 15:59:31.293 INFO  com.zaxxer.hikari.HikariDataSource                :110  [32m                  [0;39m HikariPool-1 - Starting...
2022-04-12 15:59:31.384 INFO  com.zaxxer.hikari.HikariDataSource                :123  [32m                  [0;39m HikariPool-1 - Start completed.
2022-04-12 16:00:22.699 INFO  com.zaxxer.hikari.HikariDataSource                :350  [32m                  [0;39m HikariPool-1 - Shutdown initiated...
2022-04-12 16:00:22.706 INFO  com.zaxxer.hikari.HikariDataSource                :352  [32m                  [0;39m HikariPool-1 - Shutdown completed.
2022-04-12 16:05:57.674 INFO  e.d.p.config.PoetryAnalysisApplication            :55   [32m                  [0;39m Starting PoetryAnalysisApplication using Java 18 on Sayu with PID 20916 (C:\Users\雪桜Sayu\IdeaProjects\poetryAnalysis\target\classes started by 雪桜Sayu in C:\Users\雪桜Sayu\IdeaProjects\poetryAnalysis)
2022-04-12 16:05:57.675 INFO  e.d.p.config.PoetryAnalysisApplication            :640  [32m                  [0;39m No active profile set, falling back to 1 default profile: "default"
2022-04-12 16:05:57.700 INFO  o.s.b.d.env.DevToolsPropertyDefaultsPostProcessor :255  [32m                  [0;39m Devtools property defaults active! Set 'spring.devtools.add-properties' to 'false' to disable
2022-04-12 16:05:57.700 INFO  o.s.b.d.env.DevToolsPropertyDefaultsPostProcessor :255  [32m                  [0;39m For additional web related logging consider setting the 'logging.level.web' property to 'DEBUG'
2022-04-12 16:05:58.178 INFO  o.s.boot.web.embedded.tomcat.TomcatWebServer      :108  [32m                  [0;39m Tomcat initialized with port(s): 8080 (http)
2022-04-12 16:05:58.184 INFO  org.apache.coyote.http11.Http11NioProtocol        :173  [32m                  [0;39m Initializing ProtocolHandler ["http-nio-8080"]
2022-04-12 16:05:58.184 INFO  org.apache.catalina.core.StandardService          :173  [32m                  [0;39m Starting service [Tomcat]
2022-04-12 16:05:58.184 INFO  org.apache.catalina.core.StandardEngine           :173  [32m                  [0;39m Starting Servlet engine: [Apache Tomcat/9.0.60]
2022-04-12 16:05:58.223 INFO  o.a.c.core.ContainerBase.[Tomcat].[localhost].[/] :173  [32m                  [0;39m Initializing Spring embedded WebApplicationContext
2022-04-12 16:05:58.223 INFO  o.s.b.w.s.c.ServletWebServerApplicationContext    :290  [32m                  [0;39m Root WebApplicationContext: initialization completed in 523 ms
2022-04-12 16:05:58.638 INFO  o.s.b.d.autoconfigure.OptionalLiveReloadServer    :58   [32m                  [0;39m LiveReload server is running on port 35729
2022-04-12 16:05:58.662 INFO  org.apache.coyote.http11.Http11NioProtocol        :173  [32m                  [0;39m Starting ProtocolHandler ["http-nio-8080"]
2022-04-12 16:05:58.672 INFO  o.s.boot.web.embedded.tomcat.TomcatWebServer      :220  [32m                  [0;39m Tomcat started on port(s): 8080 (http) with context path ''
2022-04-12 16:05:58.680 INFO  e.d.p.config.PoetryAnalysisApplication            :61   [32m                  [0;39m Started PoetryAnalysisApplication in 1.214 seconds (JVM running for 1.512)
2022-04-12 16:05:58.682 INFO  e.d.p.config.PoetryAnalysisApplication            :20   [32m                  [0;39m 启动成功！！
2022-04-12 16:05:58.682 INFO  e.d.p.config.PoetryAnalysisApplication            :21   [32m                  [0;39m 地址: 	http://127.0.0.1:8080
2022-04-12 16:06:06.182 INFO  o.a.c.core.ContainerBase.[Tomcat].[localhost].[/] :173  [32m                  [0;39m Initializing Spring DispatcherServlet 'dispatcherServlet'
2022-04-12 16:06:06.183 INFO  org.springframework.web.servlet.DispatcherServlet :525  [32m                  [0;39m Initializing Servlet 'dispatcherServlet'
2022-04-12 16:06:06.183 INFO  org.springframework.web.servlet.DispatcherServlet :547  [32m                  [0;39m Completed initialization in 0 ms
2022-04-12 16:06:06.218 INFO  com.zaxxer.hikari.HikariDataSource                :110  [32m                  [0;39m HikariPool-1 - Starting...
2022-04-12 16:06:06.309 INFO  com.zaxxer.hikari.HikariDataSource                :123  [32m                  [0;39m HikariPool-1 - Start completed.
2022-04-12 19:39:16.364 INFO  com.zaxxer.hikari.HikariDataSource                :350  [32m                  [0;39m HikariPool-1 - Shutdown initiated...
2022-04-12 19:39:16.373 INFO  com.zaxxer.hikari.HikariDataSource                :352  [32m                  [0;39m HikariPool-1 - Shutdown completed.
2022-04-12 21:01:42.456 INFO  e.d.p.config.PoetryAnalysisApplication            :55   [32m                  [0;39m Starting PoetryAnalysisApplication using Java 18 on Sayu with PID 33836 (C:\Users\雪桜Sayu\IdeaProjects\poetryAnalysis\target\classes started by 雪桜Sayu in C:\Users\雪桜Sayu\IdeaProjects\poetryAnalysis)
2022-04-12 21:01:42.457 INFO  e.d.p.config.PoetryAnalysisApplication            :640  [32m                  [0;39m No active profile set, falling back to 1 default profile: "default"
2022-04-12 21:01:42.483 INFO  o.s.b.d.env.DevToolsPropertyDefaultsPostProcessor :255  [32m                  [0;39m Devtools property defaults active! Set 'spring.devtools.add-properties' to 'false' to disable
2022-04-12 21:01:42.483 INFO  o.s.b.d.env.DevToolsPropertyDefaultsPostProcessor :255  [32m                  [0;39m For additional web related logging consider setting the 'logging.level.web' property to 'DEBUG'
2022-04-12 21:01:42.999 INFO  o.s.boot.web.embedded.tomcat.TomcatWebServer      :108  [32m                  [0;39m Tomcat initialized with port(s): 8080 (http)
2022-04-12 21:01:43.004 INFO  org.apache.coyote.http11.Http11NioProtocol        :173  [32m                  [0;39m Initializing ProtocolHandler ["http-nio-8080"]
2022-04-12 21:01:43.004 INFO  org.apache.catalina.core.StandardService          :173  [32m                  [0;39m Starting service [Tomcat]
2022-04-12 21:01:43.004 INFO  org.apache.catalina.core.StandardEngine           :173  [32m                  [0;39m Starting Servlet engine: [Apache Tomcat/9.0.60]
2022-04-12 21:01:43.032 INFO  o.a.c.core.ContainerBase.[Tomcat].[localhost].[/] :173  [32m                  [0;39m Initializing Spring embedded WebApplicationContext
2022-04-12 21:01:43.033 INFO  o.s.b.w.s.c.ServletWebServerApplicationContext    :290  [32m                  [0;39m Root WebApplicationContext: initialization completed in 550 ms
2022-04-12 21:01:43.445 INFO  o.s.b.d.autoconfigure.OptionalLiveReloadServer    :58   [32m                  [0;39m LiveReload server is running on port 35729
2022-04-12 21:01:43.473 INFO  org.apache.coyote.http11.Http11NioProtocol        :173  [32m                  [0;39m Starting ProtocolHandler ["http-nio-8080"]
2022-04-12 21:01:43.475 WARN  o.s.b.w.s.c.AnnotationConfigServletWebServerApplicationContext:591  [32m                  [0;39m Exception encountered during context initialization - cancelling refresh attempt: org.springframework.context.ApplicationContextException: Failed to start bean 'webServerStartStop'; nested exception is org.springframework.boot.web.server.PortInUseException: Port 8080 is already in use
2022-04-12 21:01:43.478 INFO  org.apache.coyote.http11.Http11NioProtocol        :173  [32m                  [0;39m Pausing ProtocolHandler ["http-nio-8080"]
2022-04-12 21:01:43.478 INFO  org.apache.catalina.core.StandardService          :173  [32m                  [0;39m Stopping service [Tomcat]
2022-04-12 21:01:43.480 INFO  org.apache.coyote.http11.Http11NioProtocol        :173  [32m                  [0;39m Stopping ProtocolHandler ["http-nio-8080"]
2022-04-12 21:01:43.481 INFO  org.apache.coyote.http11.Http11NioProtocol        :173  [32m                  [0;39m Destroying ProtocolHandler ["http-nio-8080"]
2022-04-12 21:01:43.484 INFO  o.s.b.a.l.ConditionEvaluationReportLoggingListener:136  [32m                  [0;39m 

Error starting ApplicationContext. To display the conditions report re-run your application with 'debug' enabled.
2022-04-12 21:01:43.492 ERROR o.s.b.diagnostics.LoggingFailureAnalysisReporter  :40   [32m                  [0;39m 

***************************
APPLICATION FAILED TO START
***************************

Description:

Web server failed to start. Port 8080 was already in use.

Action:

Identify and stop the process that's listening on port 8080 or configure this application to listen on another port.

2022-04-12 21:02:07.200 INFO  e.d.p.config.PoetryAnalysisApplication            :55   [32m                  [0;39m Starting PoetryAnalysisApplication using Java 18 on Sayu with PID 34424 (C:\Users\雪桜Sayu\IdeaProjects\poetryAnalysis\target\classes started by 雪桜Sayu in C:\Users\雪桜Sayu\IdeaProjects\poetryAnalysis)
2022-04-12 21:02:07.201 INFO  e.d.p.config.PoetryAnalysisApplication            :640  [32m                  [0;39m No active profile set, falling back to 1 default profile: "default"
2022-04-12 21:02:07.229 INFO  o.s.b.d.env.DevToolsPropertyDefaultsPostProcessor :255  [32m                  [0;39m Devtools property defaults active! Set 'spring.devtools.add-properties' to 'false' to disable
2022-04-12 21:02:07.229 INFO  o.s.b.d.env.DevToolsPropertyDefaultsPostProcessor :255  [32m                  [0;39m For additional web related logging consider setting the 'logging.level.web' property to 'DEBUG'
2022-04-12 21:02:07.667 INFO  o.s.boot.web.embedded.tomcat.TomcatWebServer      :108  [32m                  [0;39m Tomcat initialized with port(s): 8880 (http)
2022-04-12 21:02:07.671 INFO  org.apache.coyote.http11.Http11NioProtocol        :173  [32m                  [0;39m Initializing ProtocolHandler ["http-nio-8880"]
2022-04-12 21:02:07.671 INFO  org.apache.catalina.core.StandardService          :173  [32m                  [0;39m Starting service [Tomcat]
2022-04-12 21:02:07.671 INFO  org.apache.catalina.core.StandardEngine           :173  [32m                  [0;39m Starting Servlet engine: [Apache Tomcat/9.0.60]
2022-04-12 21:02:07.696 INFO  o.a.c.core.ContainerBase.[Tomcat].[localhost].[/] :173  [32m                  [0;39m Initializing Spring embedded WebApplicationContext
2022-04-12 21:02:07.696 INFO  o.s.b.w.s.c.ServletWebServerApplicationContext    :290  [32m                  [0;39m Root WebApplicationContext: initialization completed in 467 ms
2022-04-12 21:02:08.045 INFO  o.s.b.d.autoconfigure.OptionalLiveReloadServer    :58   [32m                  [0;39m LiveReload server is running on port 35729
2022-04-12 21:02:08.070 INFO  org.apache.coyote.http11.Http11NioProtocol        :173  [32m                  [0;39m Starting ProtocolHandler ["http-nio-8880"]
2022-04-12 21:02:08.080 INFO  o.s.boot.web.embedded.tomcat.TomcatWebServer      :220  [32m                  [0;39m Tomcat started on port(s): 8880 (http) with context path ''
2022-04-12 21:02:08.087 INFO  e.d.p.config.PoetryAnalysisApplication            :61   [32m                  [0;39m Started PoetryAnalysisApplication in 1.095 seconds (JVM running for 1.389)
2022-04-12 21:02:08.088 INFO  e.d.p.config.PoetryAnalysisApplication            :20   [32m                  [0;39m 启动成功！！
2022-04-12 21:02:08.088 INFO  e.d.p.config.PoetryAnalysisApplication            :21   [32m                  [0;39m 地址: 	http://127.0.0.1:8880
2022-04-12 21:02:16.710 INFO  o.a.c.core.ContainerBase.[Tomcat].[localhost].[/] :173  [32m                  [0;39m Initializing Spring DispatcherServlet 'dispatcherServlet'
2022-04-12 21:02:16.710 INFO  org.springframework.web.servlet.DispatcherServlet :525  [32m                  [0;39m Initializing Servlet 'dispatcherServlet'
2022-04-12 21:02:16.711 INFO  org.springframework.web.servlet.DispatcherServlet :547  [32m                  [0;39m Completed initialization in 1 ms
2022-04-12 21:02:16.743 INFO  com.zaxxer.hikari.HikariDataSource                :110  [32m                  [0;39m HikariPool-1 - Starting...
2022-04-12 21:02:16.863 INFO  com.zaxxer.hikari.HikariDataSource                :123  [32m                  [0;39m HikariPool-1 - Start completed.
2022-04-12 21:08:35.384 INFO  com.zaxxer.hikari.HikariDataSource                :350  [32m                  [0;39m HikariPool-1 - Shutdown initiated...
2022-04-12 21:08:35.389 INFO  com.zaxxer.hikari.HikariDataSource                :352  [32m                  [0;39m HikariPool-1 - Shutdown completed.
2022-04-12 21:08:37.937 INFO  e.d.p.config.PoetryAnalysisApplication            :55   [32m                  [0;39m Starting PoetryAnalysisApplication using Java 18 on Sayu with PID 30880 (C:\Users\雪桜Sayu\IdeaProjects\poetryAnalysis\target\classes started by 雪桜Sayu in C:\Users\雪桜Sayu\IdeaProjects\poetryAnalysis)
2022-04-12 21:08:37.938 INFO  e.d.p.config.PoetryAnalysisApplication            :640  [32m                  [0;39m No active profile set, falling back to 1 default profile: "default"
2022-04-12 21:08:37.961 INFO  o.s.b.d.env.DevToolsPropertyDefaultsPostProcessor :255  [32m                  [0;39m Devtools property defaults active! Set 'spring.devtools.add-properties' to 'false' to disable
2022-04-12 21:08:37.961 INFO  o.s.b.d.env.DevToolsPropertyDefaultsPostProcessor :255  [32m                  [0;39m For additional web related logging consider setting the 'logging.level.web' property to 'DEBUG'
2022-04-12 21:08:38.413 INFO  o.s.boot.web.embedded.tomcat.TomcatWebServer      :108  [32m                  [0;39m Tomcat initialized with port(s): 8880 (http)
2022-04-12 21:08:38.417 INFO  org.apache.coyote.http11.Http11NioProtocol        :173  [32m                  [0;39m Initializing ProtocolHandler ["http-nio-8880"]
2022-04-12 21:08:38.417 INFO  org.apache.catalina.core.StandardService          :173  [32m                  [0;39m Starting service [Tomcat]
2022-04-12 21:08:38.417 INFO  org.apache.catalina.core.StandardEngine           :173  [32m                  [0;39m Starting Servlet engine: [Apache Tomcat/9.0.60]
2022-04-12 21:08:38.444 INFO  o.a.c.core.ContainerBase.[Tomcat].[localhost].[/] :173  [32m                  [0;39m Initializing Spring embedded WebApplicationContext
2022-04-12 21:08:38.444 INFO  o.s.b.w.s.c.ServletWebServerApplicationContext    :290  [32m                  [0;39m Root WebApplicationContext: initialization completed in 482 ms
2022-04-12 21:08:38.810 INFO  o.s.b.d.autoconfigure.OptionalLiveReloadServer    :58   [32m                  [0;39m LiveReload server is running on port 35729
2022-04-12 21:08:38.838 INFO  org.apache.coyote.http11.Http11NioProtocol        :173  [32m                  [0;39m Starting ProtocolHandler ["http-nio-8880"]
2022-04-12 21:08:38.848 INFO  o.s.boot.web.embedded.tomcat.TomcatWebServer      :220  [32m                  [0;39m Tomcat started on port(s): 8880 (http) with context path ''
2022-04-12 21:08:38.860 INFO  e.d.p.config.PoetryAnalysisApplication            :61   [32m                  [0;39m Started PoetryAnalysisApplication in 1.123 seconds (JVM running for 1.463)
2022-04-12 21:08:38.861 INFO  e.d.p.config.PoetryAnalysisApplication            :20   [32m                  [0;39m 启动成功！！
2022-04-12 21:08:38.862 INFO  e.d.p.config.PoetryAnalysisApplication            :21   [32m                  [0;39m 地址: 	http://127.0.0.1:8880
2022-04-12 21:08:43.650 INFO  o.a.c.core.ContainerBase.[Tomcat].[localhost].[/] :173  [32m                  [0;39m Initializing Spring DispatcherServlet 'dispatcherServlet'
2022-04-12 21:08:43.651 INFO  org.springframework.web.servlet.DispatcherServlet :525  [32m                  [0;39m Initializing Servlet 'dispatcherServlet'
2022-04-12 21:08:43.651 INFO  org.springframework.web.servlet.DispatcherServlet :547  [32m                  [0;39m Completed initialization in 0 ms
2022-04-12 21:08:43.689 INFO  com.zaxxer.hikari.HikariDataSource                :110  [32m                  [0;39m HikariPool-1 - Starting...
2022-04-12 21:08:43.782 INFO  com.zaxxer.hikari.HikariDataSource                :123  [32m                  [0;39m HikariPool-1 - Start completed.
2022-04-12 21:29:26.572 INFO  com.zaxxer.hikari.HikariDataSource                :350  [32m                  [0;39m HikariPool-1 - Shutdown initiated...
2022-04-12 21:29:26.582 INFO  com.zaxxer.hikari.HikariDataSource                :352  [32m                  [0;39m HikariPool-1 - Shutdown completed.
2022-04-12 22:29:53.934 INFO  e.d.p.config.PoetryAnalysisApplication            :55   [32m                  [0;39m Starting PoetryAnalysisApplication using Java 18 on Sayu with PID 27116 (C:\Users\雪桜Sayu\IdeaProjects\poetryAnalysis\target\classes started by 雪桜Sayu in C:\Users\雪桜Sayu\IdeaProjects\poetryAnalysis)
2022-04-12 22:29:53.936 INFO  e.d.p.config.PoetryAnalysisApplication            :640  [32m                  [0;39m No active profile set, falling back to 1 default profile: "default"
2022-04-12 22:29:53.964 INFO  o.s.b.d.env.DevToolsPropertyDefaultsPostProcessor :255  [32m                  [0;39m Devtools property defaults active! Set 'spring.devtools.add-properties' to 'false' to disable
2022-04-12 22:29:53.964 INFO  o.s.b.d.env.DevToolsPropertyDefaultsPostProcessor :255  [32m                  [0;39m For additional web related logging consider setting the 'logging.level.web' property to 'DEBUG'
2022-04-12 22:29:54.585 INFO  o.s.boot.web.embedded.tomcat.TomcatWebServer      :108  [32m                  [0;39m Tomcat initialized with port(s): 8880 (http)
2022-04-12 22:29:54.591 INFO  org.apache.coyote.http11.Http11NioProtocol        :173  [32m                  [0;39m Initializing ProtocolHandler ["http-nio-8880"]
2022-04-12 22:29:54.591 INFO  org.apache.catalina.core.StandardService          :173  [32m                  [0;39m Starting service [Tomcat]
2022-04-12 22:29:54.591 INFO  org.apache.catalina.core.StandardEngine           :173  [32m                  [0;39m Starting Servlet engine: [Apache Tomcat/9.0.60]
2022-04-12 22:29:54.621 INFO  o.a.c.core.ContainerBase.[Tomcat].[localhost].[/] :173  [32m                  [0;39m Initializing Spring embedded WebApplicationContext
2022-04-12 22:29:54.622 INFO  o.s.b.w.s.c.ServletWebServerApplicationContext    :290  [32m                  [0;39m Root WebApplicationContext: initialization completed in 658 ms
2022-04-12 22:29:55.121 INFO  o.s.b.d.autoconfigure.OptionalLiveReloadServer    :58   [32m                  [0;39m LiveReload server is running on port 35729
2022-04-12 22:29:55.155 INFO  org.apache.coyote.http11.Http11NioProtocol        :173  [32m                  [0;39m Starting ProtocolHandler ["http-nio-8880"]
2022-04-12 22:29:55.175 INFO  o.s.boot.web.embedded.tomcat.TomcatWebServer      :220  [32m                  [0;39m Tomcat started on port(s): 8880 (http) with context path ''
2022-04-12 22:29:55.187 INFO  e.d.p.config.PoetryAnalysisApplication            :61   [32m                  [0;39m Started PoetryAnalysisApplication in 1.55 seconds (JVM running for 2.097)
2022-04-12 22:29:55.190 INFO  e.d.p.config.PoetryAnalysisApplication            :20   [32m                  [0;39m 启动成功！！
2022-04-12 22:29:55.190 INFO  e.d.p.config.PoetryAnalysisApplication            :21   [32m                  [0;39m 地址: 	http://127.0.0.1:8880
2022-04-12 22:30:02.011 INFO  o.a.c.core.ContainerBase.[Tomcat].[localhost].[/] :173  [32m                  [0;39m Initializing Spring DispatcherServlet 'dispatcherServlet'
2022-04-12 22:30:02.012 INFO  org.springframework.web.servlet.DispatcherServlet :525  [32m                  [0;39m Initializing Servlet 'dispatcherServlet'
2022-04-12 22:30:02.012 INFO  org.springframework.web.servlet.DispatcherServlet :547  [32m                  [0;39m Completed initialization in 0 ms
2022-04-12 22:30:02.060 INFO  com.zaxxer.hikari.HikariDataSource                :110  [32m                  [0;39m HikariPool-1 - Starting...
2022-04-12 22:30:02.211 INFO  com.zaxxer.hikari.HikariDataSource                :123  [32m                  [0;39m HikariPool-1 - Start completed.
2022-04-12 22:46:20.025 INFO  com.zaxxer.hikari.HikariDataSource                :350  [32m                  [0;39m HikariPool-1 - Shutdown initiated...
2022-04-12 22:46:20.049 INFO  com.zaxxer.hikari.HikariDataSource                :352  [32m                  [0;39m HikariPool-1 - Shutdown completed.
2022-04-12 23:19:11.975 INFO  e.d.p.config.PoetryAnalysisApplication            :55   [32m                  [0;39m Starting PoetryAnalysisApplication using Java 18 on Sayu with PID 12440 (C:\Users\雪桜Sayu\IdeaProjects\poetryAnalysis\target\classes started by 雪桜Sayu in C:\Users\雪桜Sayu\IdeaProjects\poetryAnalysis)
2022-04-12 23:19:11.976 INFO  e.d.p.config.PoetryAnalysisApplication            :640  [32m                  [0;39m No active profile set, falling back to 1 default profile: "default"
2022-04-12 23:19:12.001 INFO  o.s.b.d.env.DevToolsPropertyDefaultsPostProcessor :255  [32m                  [0;39m Devtools property defaults active! Set 'spring.devtools.add-properties' to 'false' to disable
2022-04-12 23:19:12.001 INFO  o.s.b.d.env.DevToolsPropertyDefaultsPostProcessor :255  [32m                  [0;39m For additional web related logging consider setting the 'logging.level.web' property to 'DEBUG'
2022-04-12 23:19:12.470 INFO  o.s.boot.web.embedded.tomcat.TomcatWebServer      :108  [32m                  [0;39m Tomcat initialized with port(s): 8880 (http)
2022-04-12 23:19:12.475 INFO  org.apache.coyote.http11.Http11NioProtocol        :173  [32m                  [0;39m Initializing ProtocolHandler ["http-nio-8880"]
2022-04-12 23:19:12.475 INFO  org.apache.catalina.core.StandardService          :173  [32m                  [0;39m Starting service [Tomcat]
2022-04-12 23:19:12.475 INFO  org.apache.catalina.core.StandardEngine           :173  [32m                  [0;39m Starting Servlet engine: [Apache Tomcat/9.0.60]
2022-04-12 23:19:12.508 INFO  o.a.c.core.ContainerBase.[Tomcat].[localhost].[/] :173  [32m                  [0;39m Initializing Spring embedded WebApplicationContext
2022-04-12 23:19:12.508 INFO  o.s.b.w.s.c.ServletWebServerApplicationContext    :290  [32m                  [0;39m Root WebApplicationContext: initialization completed in 507 ms
2022-04-12 23:19:12.910 INFO  o.s.b.d.autoconfigure.OptionalLiveReloadServer    :58   [32m                  [0;39m LiveReload server is running on port 35729
2022-04-12 23:19:12.944 INFO  org.apache.coyote.http11.Http11NioProtocol        :173  [32m                  [0;39m Starting ProtocolHandler ["http-nio-8880"]
2022-04-12 23:19:12.958 INFO  o.s.boot.web.embedded.tomcat.TomcatWebServer      :220  [32m                  [0;39m Tomcat started on port(s): 8880 (http) with context path ''
2022-04-12 23:19:12.966 INFO  e.d.p.config.PoetryAnalysisApplication            :61   [32m                  [0;39m Started PoetryAnalysisApplication in 1.239 seconds (JVM running for 1.702)
2022-04-12 23:19:12.968 INFO  e.d.p.config.PoetryAnalysisApplication            :20   [32m                  [0;39m 启动成功！！
2022-04-12 23:19:12.968 INFO  e.d.p.config.PoetryAnalysisApplication            :21   [32m                  [0;39m 地址: 	http://127.0.0.1:8880
2022-04-12 23:19:43.870 INFO  o.a.c.core.ContainerBase.[Tomcat].[localhost].[/] :173  [32m                  [0;39m Initializing Spring DispatcherServlet 'dispatcherServlet'
2022-04-12 23:19:43.871 INFO  org.springframework.web.servlet.DispatcherServlet :525  [32m                  [0;39m Initializing Servlet 'dispatcherServlet'
2022-04-12 23:19:43.871 INFO  org.springframework.web.servlet.DispatcherServlet :547  [32m                  [0;39m Completed initialization in 0 ms
2022-04-12 23:19:44.101 INFO  com.baidu.aip.client.BaseClient                   :199  [32m                  [0;39m get access_token success. current state: STATE_AIP_AUTH_OK
2022-04-12 23:23:56.549 INFO  e.d.p.config.PoetryAnalysisApplication            :55   [32m                  [0;39m Starting PoetryAnalysisApplication using Java 18 on Sayu with PID 7628 (C:\Users\雪桜Sayu\IdeaProjects\poetryAnalysis\target\classes started by 雪桜Sayu in C:\Users\雪桜Sayu\IdeaProjects\poetryAnalysis)
2022-04-12 23:23:56.550 INFO  e.d.p.config.PoetryAnalysisApplication            :640  [32m                  [0;39m No active profile set, falling back to 1 default profile: "default"
2022-04-12 23:23:56.576 INFO  o.s.b.d.env.DevToolsPropertyDefaultsPostProcessor :255  [32m                  [0;39m Devtools property defaults active! Set 'spring.devtools.add-properties' to 'false' to disable
2022-04-12 23:23:56.576 INFO  o.s.b.d.env.DevToolsPropertyDefaultsPostProcessor :255  [32m                  [0;39m For additional web related logging consider setting the 'logging.level.web' property to 'DEBUG'
2022-04-12 23:23:57.032 INFO  o.s.boot.web.embedded.tomcat.TomcatWebServer      :108  [32m                  [0;39m Tomcat initialized with port(s): 8880 (http)
2022-04-12 23:23:57.037 INFO  org.apache.coyote.http11.Http11NioProtocol        :173  [32m                  [0;39m Initializing ProtocolHandler ["http-nio-8880"]
2022-04-12 23:23:57.037 INFO  org.apache.catalina.core.StandardService          :173  [32m                  [0;39m Starting service [Tomcat]
2022-04-12 23:23:57.037 INFO  org.apache.catalina.core.StandardEngine           :173  [32m                  [0;39m Starting Servlet engine: [Apache Tomcat/9.0.60]
2022-04-12 23:23:57.064 INFO  o.a.c.core.ContainerBase.[Tomcat].[localhost].[/] :173  [32m                  [0;39m Initializing Spring embedded WebApplicationContext
2022-04-12 23:23:57.064 INFO  o.s.b.w.s.c.ServletWebServerApplicationContext    :290  [32m                  [0;39m Root WebApplicationContext: initialization completed in 488 ms
2022-04-12 23:23:57.432 INFO  o.s.b.d.autoconfigure.OptionalLiveReloadServer    :58   [32m                  [0;39m LiveReload server is running on port 35729
2022-04-12 23:23:57.459 INFO  org.apache.coyote.http11.Http11NioProtocol        :173  [32m                  [0;39m Starting ProtocolHandler ["http-nio-8880"]
2022-04-12 23:23:57.473 INFO  o.s.boot.web.embedded.tomcat.TomcatWebServer      :220  [32m                  [0;39m Tomcat started on port(s): 8880 (http) with context path ''
2022-04-12 23:23:57.481 INFO  e.d.p.config.PoetryAnalysisApplication            :61   [32m                  [0;39m Started PoetryAnalysisApplication in 1.142 seconds (JVM running for 1.465)
2022-04-12 23:23:57.482 INFO  e.d.p.config.PoetryAnalysisApplication            :20   [32m                  [0;39m 启动成功！！
2022-04-12 23:23:57.483 INFO  e.d.p.config.PoetryAnalysisApplication            :21   [32m                  [0;39m 地址: 	http://127.0.0.1:8880
2022-04-12 23:24:18.571 INFO  o.a.c.core.ContainerBase.[Tomcat].[localhost].[/] :173  [32m                  [0;39m Initializing Spring DispatcherServlet 'dispatcherServlet'
2022-04-12 23:24:18.571 INFO  org.springframework.web.servlet.DispatcherServlet :525  [32m                  [0;39m Initializing Servlet 'dispatcherServlet'
2022-04-12 23:24:18.572 INFO  org.springframework.web.servlet.DispatcherServlet :547  [32m                  [0;39m Completed initialization in 0 ms
2022-04-12 23:24:18.778 INFO  com.baidu.aip.client.BaseClient                   :199  [32m                  [0;39m get access_token success. current state: STATE_AIP_AUTH_OK
